{"/home/torkob/Untlited/src/adapters/FetchAdapter.ts": {"path":"/home/torkob/Untlited/src/adapters/FetchAdapter.ts","statementMap":{"0":{"start":{"line":16,"column":8},"end":{"line":16,"column":null}},"1":{"start":{"line":19,"column":18},"end":{"line":19,"column":null}},"2":{"start":{"line":21,"column":4},"end":{"line":23,"column":null}},"3":{"start":{"line":22,"column":27},"end":{"line":22,"column":80}},"4":{"start":{"line":23,"column":6},"end":{"line":23,"column":null}},"5":{"start":{"line":27,"column":23},"end":{"line":27,"column":44}},"6":{"start":{"line":30,"column":4},"end":{"line":31,"column":null}},"7":{"start":{"line":31,"column":6},"end":{"line":31,"column":null}},"8":{"start":{"line":31,"column":35},"end":{"line":31,"column":71}},"9":{"start":{"line":35,"column":24},"end":{"line":35,"column":null}},"10":{"start":{"line":37,"column":30},"end":{"line":37,"column":50}},"11":{"start":{"line":40,"column":38},"end":{"line":44,"column":null}},"12":{"start":{"line":47,"column":4},"end":{"line":54,"column":null}},"13":{"start":{"line":48,"column":6},"end":{"line":54,"column":null}},"14":{"start":{"line":49,"column":8},"end":{"line":49,"column":null}},"15":{"start":{"line":50,"column":8},"end":{"line":51,"column":null}},"16":{"start":{"line":51,"column":10},"end":{"line":51,"column":null}},"17":{"start":{"line":54,"column":8},"end":{"line":54,"column":null}},"18":{"start":{"line":59,"column":4},"end":{"line":108,"column":null}},"19":{"start":{"line":60,"column":23},"end":{"line":60,"column":57}},"20":{"start":{"line":61,"column":6},"end":{"line":61,"column":null}},"21":{"start":{"line":65,"column":26},"end":{"line":65,"column":null}},"22":{"start":{"line":66,"column":6},"end":{"line":69,"column":null}},"23":{"start":{"line":67,"column":8},"end":{"line":67,"column":null}},"24":{"start":{"line":69,"column":8},"end":{"line":69,"column":null}},"25":{"start":{"line":73,"column":54},"end":{"line":73,"column":56}},"26":{"start":{"line":74,"column":6},"end":{"line":76,"column":null}},"27":{"start":{"line":75,"column":8},"end":{"line":75,"column":null}},"28":{"start":{"line":78,"column":46},"end":{"line":84,"column":null}},"29":{"start":{"line":87,"column":6},"end":{"line":93,"column":null}},"30":{"start":{"line":88,"column":8},"end":{"line":93,"column":null}},"31":{"start":{"line":96,"column":6},"end":{"line":96,"column":null}},"32":{"start":{"line":98,"column":6},"end":{"line":98,"column":null}},"33":{"start":{"line":101,"column":6},"end":{"line":102,"column":null}},"34":{"start":{"line":102,"column":8},"end":{"line":102,"column":null}},"35":{"start":{"line":106,"column":30},"end":{"line":106,"column":97}},"36":{"start":{"line":108,"column":6},"end":{"line":108,"column":null}}},"fnMap":{"0":{"name":"(anonymous_0)","decl":{"start":{"line":6,"column":15},"end":{"line":6,"column":26}},"loc":{"start":{"line":6,"column":81},"end":{"line":108,"column":null}},"line":6},"1":{"name":"(anonymous_1)","decl":{"start":{"line":31,"column":18},"end":{"line":31,"column":35}},"loc":{"start":{"line":31,"column":35},"end":{"line":31,"column":71}},"line":31},"2":{"name":"(anonymous_2)","decl":{"start":{"line":74,"column":23},"end":{"line":74,"column":32}},"loc":{"start":{"line":74,"column":47},"end":{"line":76,"column":null}},"line":74}},"branchMap":{"0":{"loc":{"start":{"line":8,"column":6},"end":{"line":8,"column":null}},"type":"default-arg","locations":[{"start":{"line":8,"column":12},"end":{"line":8,"column":null}}],"line":8},"1":{"loc":{"start":{"line":10,"column":6},"end":{"line":10,"column":null}},"type":"default-arg","locations":[{"start":{"line":10,"column":15},"end":{"line":10,"column":null}}],"line":10},"2":{"loc":{"start":{"line":11,"column":6},"end":{"line":11,"column":18}},"type":"default-arg","locations":[{"start":{"line":11,"column":16},"end":{"line":11,"column":18}}],"line":11},"3":{"loc":{"start":{"line":19,"column":18},"end":{"line":19,"column":null}},"type":"cond-expr","locations":[{"start":{"line":19,"column":55},"end":{"line":19,"column":70}},{"start":{"line":19,"column":70},"end":{"line":19,"column":null}}],"line":19},"4":{"loc":{"start":{"line":19,"column":18},"end":{"line":19,"column":52}},"type":"binary-expr","locations":[{"start":{"line":19,"column":18},"end":{"line":19,"column":29}},{"start":{"line":19,"column":29},"end":{"line":19,"column":52}}],"line":19},"5":{"loc":{"start":{"line":21,"column":4},"end":{"line":23,"column":null}},"type":"if","locations":[{"start":{"line":21,"column":4},"end":{"line":23,"column":null}},{"start":{},"end":{}}],"line":21},"6":{"loc":{"start":{"line":30,"column":4},"end":{"line":31,"column":null}},"type":"if","locations":[{"start":{"line":30,"column":4},"end":{"line":31,"column":null}},{"start":{},"end":{}}],"line":30},"7":{"loc":{"start":{"line":35,"column":24},"end":{"line":35,"column":null}},"type":"cond-expr","locations":[{"start":{"line":35,"column":33},"end":{"line":35,"column":77}},{"start":{"line":35,"column":80},"end":{"line":35,"column":null}}],"line":35},"8":{"loc":{"start":{"line":47,"column":4},"end":{"line":54,"column":null}},"type":"if","locations":[{"start":{"line":47,"column":4},"end":{"line":54,"column":null}},{"start":{},"end":{}}],"line":47},"9":{"loc":{"start":{"line":48,"column":6},"end":{"line":54,"column":null}},"type":"if","locations":[{"start":{"line":48,"column":6},"end":{"line":54,"column":null}},{"start":{"line":53,"column":13},"end":{"line":54,"column":null}}],"line":48},"10":{"loc":{"start":{"line":48,"column":10},"end":{"line":48,"column":94}},"type":"binary-expr","locations":[{"start":{"line":48,"column":10},"end":{"line":48,"column":38}},{"start":{"line":48,"column":38},"end":{"line":48,"column":69}},{"start":{"line":48,"column":69},"end":{"line":48,"column":94}}],"line":48},"11":{"loc":{"start":{"line":50,"column":8},"end":{"line":51,"column":null}},"type":"if","locations":[{"start":{"line":50,"column":8},"end":{"line":51,"column":null}},{"start":{},"end":{}}],"line":50},"12":{"loc":{"start":{"line":65,"column":26},"end":{"line":65,"column":null}},"type":"binary-expr","locations":[{"start":{"line":65,"column":26},"end":{"line":65,"column":62}},{"start":{"line":65,"column":66},"end":{"line":65,"column":null}}],"line":65},"13":{"loc":{"start":{"line":66,"column":6},"end":{"line":69,"column":null}},"type":"if","locations":[{"start":{"line":66,"column":6},"end":{"line":69,"column":null}},{"start":{"line":68,"column":13},"end":{"line":69,"column":null}}],"line":66},"14":{"loc":{"start":{"line":87,"column":6},"end":{"line":93,"column":null}},"type":"if","locations":[{"start":{"line":87,"column":6},"end":{"line":93,"column":null}},{"start":{},"end":{}}],"line":87},"15":{"loc":{"start":{"line":101,"column":6},"end":{"line":102,"column":null}},"type":"if","locations":[{"start":{"line":101,"column":6},"end":{"line":102,"column":null}},{"start":{},"end":{}}],"line":101},"16":{"loc":{"start":{"line":106,"column":30},"end":{"line":106,"column":97}},"type":"cond-expr","locations":[{"start":{"line":106,"column":55},"end":{"line":106,"column":63}},{"start":{"line":106,"column":63},"end":{"line":106,"column":97}}],"line":106}},"s":{"0":7,"1":7,"2":7,"3":1,"4":1,"5":7,"6":7,"7":1,"8":0,"9":7,"10":7,"11":7,"12":7,"13":1,"14":1,"15":1,"16":1,"17":0,"18":7,"19":7,"20":5,"21":5,"22":7,"23":1,"24":4,"25":5,"26":5,"27":1,"28":5,"29":5,"30":1,"31":4,"32":3,"33":3,"34":1,"35":2,"36":3},"f":{"0":7,"1":0,"2":1},"b":{"0":[7],"1":[7],"2":[7],"3":[1,6],"4":[7,1],"5":[1,6],"6":[1,6],"7":[0,7],"8":[1,6],"9":[1,0],"10":[1,1,1],"11":[1,0],"12":[5,4],"13":[1,4],"14":[1,4],"15":[1,2],"16":[1,1]},"meta":{"lastBranch":17,"lastFunction":3,"lastStatement":37,"seen":{"f:6:15:6:26":0,"s:16:8:16:Infinity":0,"b:8:12:8:Infinity":0,"b:10:15:10:Infinity":1,"b:11:16:11:18":2,"s:19:18:19:Infinity":1,"b:19:55:19:70:19:70:19:Infinity":3,"b:19:18:19:29:19:29:19:52":4,"b:21:4:23:Infinity:undefined:undefined:undefined:undefined":5,"s:21:4:23:Infinity":2,"s:22:27:22:80":3,"s:23:6:23:Infinity":4,"s:27:23:27:44":5,"b:30:4:31:Infinity:undefined:undefined:undefined:undefined":6,"s:30:4:31:Infinity":6,"s:31:6:31:Infinity":7,"f:31:18:31:35":1,"s:31:35:31:71":8,"s:35:24:35:Infinity":9,"b:35:33:35:77:35:80:35:Infinity":7,"s:37:30:37:50":10,"s:40:38:44:Infinity":11,"b:47:4:54:Infinity:undefined:undefined:undefined:undefined":8,"s:47:4:54:Infinity":12,"b:48:6:54:Infinity:53:13:54:Infinity":9,"s:48:6:54:Infinity":13,"b:48:10:48:38:48:38:48:69:48:69:48:94":10,"s:49:8:49:Infinity":14,"b:50:8:51:Infinity:undefined:undefined:undefined:undefined":11,"s:50:8:51:Infinity":15,"s:51:10:51:Infinity":16,"s:54:8:54:Infinity":17,"s:59:4:108:Infinity":18,"s:60:23:60:57":19,"s:61:6:61:Infinity":20,"s:65:26:65:Infinity":21,"b:65:26:65:62:65:66:65:Infinity":12,"b:66:6:69:Infinity:68:13:69:Infinity":13,"s:66:6:69:Infinity":22,"s:67:8:67:Infinity":23,"s:69:8:69:Infinity":24,"s:73:54:73:56":25,"s:74:6:76:Infinity":26,"f:74:23:74:32":2,"s:75:8:75:Infinity":27,"s:78:46:84:Infinity":28,"b:87:6:93:Infinity:undefined:undefined:undefined:undefined":14,"s:87:6:93:Infinity":29,"s:88:8:93:Infinity":30,"s:96:6:96:Infinity":31,"s:98:6:98:Infinity":32,"b:101:6:102:Infinity:undefined:undefined:undefined:undefined":15,"s:101:6:102:Infinity":33,"s:102:8:102:Infinity":34,"s:106:30:106:97":35,"b:106:55:106:63:106:63:106:97":16,"s:108:6:108:Infinity":36}}}
,"/home/torkob/Untlited/src/core/Pipeline.ts": {"path":"/home/torkob/Untlited/src/core/Pipeline.ts","statementMap":{"0":{"start":{"line":4,"column":42},"end":{"line":4,"column":44}},"1":{"start":{"line":7,"column":4},"end":{"line":8,"column":null}},"2":{"start":{"line":8,"column":6},"end":{"line":8,"column":null}},"3":{"start":{"line":11,"column":4},"end":{"line":11,"column":null}},"4":{"start":{"line":19,"column":16},"end":{"line":19,"column":null}},"5":{"start":{"line":21,"column":21},"end":{"line":42,"column":null}},"6":{"start":{"line":22,"column":6},"end":{"line":25,"column":null}},"7":{"start":{"line":23,"column":8},"end":{"line":25,"column":null}},"8":{"start":{"line":27,"column":6},"end":{"line":27,"column":null}},"9":{"start":{"line":29,"column":22},"end":{"line":29,"column":null}},"10":{"start":{"line":31,"column":6},"end":{"line":34,"column":null}},"11":{"start":{"line":32,"column":8},"end":{"line":34,"column":null}},"12":{"start":{"line":33,"column":10},"end":{"line":33,"column":null}},"13":{"start":{"line":34,"column":10},"end":{"line":34,"column":null}},"14":{"start":{"line":38,"column":6},"end":{"line":39,"column":null}},"15":{"start":{"line":39,"column":8},"end":{"line":39,"column":null}},"16":{"start":{"line":42,"column":6},"end":{"line":42,"column":null}},"17":{"start":{"line":45,"column":4},"end":{"line":45,"column":null}}},"fnMap":{"0":{"name":"(anonymous_0)","decl":{"start":{"line":6,"column":2},"end":{"line":6,"column":9}},"loc":{"start":{"line":6,"column":48},"end":{"line":11,"column":null}},"line":6},"1":{"name":"(anonymous_1)","decl":{"start":{"line":18,"column":2},"end":{"line":18,"column":9}},"loc":{"start":{"line":18,"column":86},"end":{"line":45,"column":null}},"line":18},"2":{"name":"(anonymous_2)","decl":{"start":{"line":21,"column":21},"end":{"line":21,"column":28}},"loc":{"start":{"line":21,"column":57},"end":{"line":42,"column":null}},"line":21},"3":{"name":"(anonymous_3)","decl":{"start":{"line":32,"column":20},"end":{"line":32,"column":27}},"loc":{"start":{"line":32,"column":57},"end":{"line":34,"column":null}},"line":32}},"branchMap":{"0":{"loc":{"start":{"line":7,"column":4},"end":{"line":8,"column":null}},"type":"if","locations":[{"start":{"line":7,"column":4},"end":{"line":8,"column":null}},{"start":{},"end":{}}],"line":7},"1":{"loc":{"start":{"line":7,"column":8},"end":{"line":7,"column":70}},"type":"binary-expr","locations":[{"start":{"line":7,"column":8},"end":{"line":7,"column":28}},{"start":{"line":7,"column":28},"end":{"line":7,"column":70}}],"line":7},"2":{"loc":{"start":{"line":22,"column":6},"end":{"line":25,"column":null}},"type":"if","locations":[{"start":{"line":22,"column":6},"end":{"line":25,"column":null}},{"start":{},"end":{}}],"line":22},"3":{"loc":{"start":{"line":31,"column":6},"end":{"line":34,"column":null}},"type":"if","locations":[{"start":{"line":31,"column":6},"end":{"line":34,"column":null}},{"start":{},"end":{}}],"line":31},"4":{"loc":{"start":{"line":38,"column":6},"end":{"line":39,"column":null}},"type":"if","locations":[{"start":{"line":38,"column":6},"end":{"line":39,"column":null}},{"start":{},"end":{}}],"line":38}},"s":{"0":8,"1":6,"2":2,"3":4,"4":7,"5":7,"6":17,"7":1,"8":16,"9":16,"10":17,"11":6,"12":6,"13":6,"14":16,"15":6,"16":10,"17":7},"f":{"0":6,"1":7,"2":17,"3":6},"b":{"0":[2,4],"1":[6,5],"2":[1,16],"3":[6,11],"4":[6,10]},"meta":{"lastBranch":5,"lastFunction":4,"lastStatement":18,"seen":{"s:4:42:4:44":0,"f:6:2:6:9":0,"b:7:4:8:Infinity:undefined:undefined:undefined:undefined":0,"s:7:4:8:Infinity":1,"b:7:8:7:28:7:28:7:70":1,"s:8:6:8:Infinity":2,"s:11:4:11:Infinity":3,"f:18:2:18:9":1,"s:19:16:19:Infinity":4,"s:21:21:42:Infinity":5,"f:21:21:21:28":2,"b:22:6:25:Infinity:undefined:undefined:undefined:undefined":2,"s:22:6:25:Infinity":6,"s:23:8:25:Infinity":7,"s:27:6:27:Infinity":8,"s:29:22:29:Infinity":9,"b:31:6:34:Infinity:undefined:undefined:undefined:undefined":3,"s:31:6:34:Infinity":10,"s:32:8:34:Infinity":11,"f:32:20:32:27":3,"s:33:10:33:Infinity":12,"s:34:10:34:Infinity":13,"b:38:6:39:Infinity:undefined:undefined:undefined:undefined":4,"s:38:6:39:Infinity":14,"s:39:8:39:Infinity":15,"s:42:6:42:Infinity":16,"s:45:4:45:Infinity":17}}}
,"/home/torkob/Untlited/src/core/Xelus.ts": {"path":"/home/torkob/Untlited/src/core/Xelus.ts","statementMap":{"0":{"start":{"line":17,"column":4},"end":{"line":22,"column":null}},"1":{"start":{"line":23,"column":4},"end":{"line":23,"column":null}},"2":{"start":{"line":24,"column":4},"end":{"line":24,"column":null}},"3":{"start":{"line":28,"column":4},"end":{"line":28,"column":null}},"4":{"start":{"line":29,"column":4},"end":{"line":29,"column":null}},"5":{"start":{"line":34,"column":45},"end":{"line":41,"column":null}},"6":{"start":{"line":44,"column":33},"end":{"line":45,"column":null}},"7":{"start":{"line":49,"column":26},"end":{"line":50,"column":null}},"8":{"start":{"line":50,"column":6},"end":{"line":50,"column":null}},"9":{"start":{"line":54,"column":4},"end":{"line":65,"column":null}},"10":{"start":{"line":55,"column":6},"end":{"line":55,"column":null}},"11":{"start":{"line":57,"column":6},"end":{"line":58,"column":null}},"12":{"start":{"line":58,"column":8},"end":{"line":58,"column":null}},"13":{"start":{"line":61,"column":6},"end":{"line":61,"column":null}},"14":{"start":{"line":63,"column":6},"end":{"line":63,"column":null}},"15":{"start":{"line":65,"column":6},"end":{"line":65,"column":null}},"16":{"start":{"line":74,"column":4},"end":{"line":74,"column":null}},"17":{"start":{"line":82,"column":4},"end":{"line":82,"column":null}},"18":{"start":{"line":90,"column":4},"end":{"line":90,"column":null}},"19":{"start":{"line":97,"column":4},"end":{"line":97,"column":null}}},"fnMap":{"0":{"name":"(anonymous_0)","decl":{"start":{"line":16,"column":2},"end":{"line":16,"column":14}},"loc":{"start":{"line":16,"column":76},"end":{"line":24,"column":null}},"line":16},"1":{"name":"(anonymous_1)","decl":{"start":{"line":27,"column":2},"end":{"line":27,"column":9}},"loc":{"start":{"line":27,"column":48},"end":{"line":29,"column":null}},"line":27},"2":{"name":"(anonymous_2)","decl":{"start":{"line":32,"column":15},"end":{"line":32,"column":36}},"loc":{"start":{"line":32,"column":91},"end":{"line":65,"column":null}},"line":32},"3":{"name":"(anonymous_3)","decl":{"start":{"line":49,"column":26},"end":{"line":49,"column":53}},"loc":{"start":{"line":49,"column":53},"end":{"line":50,"column":null}},"line":49},"4":{"name":"(anonymous_4)","decl":{"start":{"line":70,"column":2},"end":{"line":70,"column":9}},"loc":{"start":{"line":73,"column":31},"end":{"line":74,"column":null}},"line":73},"5":{"name":"(anonymous_5)","decl":{"start":{"line":77,"column":2},"end":{"line":77,"column":9}},"loc":{"start":{"line":81,"column":28},"end":{"line":82,"column":null}},"line":81},"6":{"name":"(anonymous_6)","decl":{"start":{"line":85,"column":2},"end":{"line":85,"column":9}},"loc":{"start":{"line":89,"column":28},"end":{"line":90,"column":null}},"line":89},"7":{"name":"(anonymous_7)","decl":{"start":{"line":93,"column":2},"end":{"line":93,"column":9}},"loc":{"start":{"line":96,"column":28},"end":{"line":97,"column":null}},"line":96}},"branchMap":{"0":{"loc":{"start":{"line":16,"column":14},"end":{"line":16,"column":45}},"type":"default-arg","locations":[{"start":{"line":16,"column":43},"end":{"line":16,"column":45}}],"line":16},"1":{"loc":{"start":{"line":24,"column":19},"end":{"line":24,"column":48}},"type":"binary-expr","locations":[{"start":{"line":24,"column":19},"end":{"line":24,"column":30}},{"start":{"line":24,"column":30},"end":{"line":24,"column":48}}],"line":24},"2":{"loc":{"start":{"line":57,"column":6},"end":{"line":58,"column":null}},"type":"if","locations":[{"start":{"line":57,"column":6},"end":{"line":58,"column":null}},{"start":{},"end":{}}],"line":57}},"s":{"0":5,"1":5,"2":5,"3":1,"4":1,"5":5,"6":5,"7":5,"8":4,"9":5,"10":5,"11":5,"12":1,"13":4,"14":1,"15":1,"16":2,"17":1,"18":1,"19":1},"f":{"0":5,"1":1,"2":5,"3":4,"4":2,"5":1,"6":1,"7":1},"b":{"0":[5],"1":[5,1],"2":[1,4]},"meta":{"lastBranch":3,"lastFunction":8,"lastStatement":20,"seen":{"f:16:2:16:14":0,"b:16:43:16:45":0,"s:17:4:22:Infinity":0,"s:23:4:23:Infinity":1,"s:24:4:24:Infinity":2,"b:24:19:24:30:24:30:24:48":1,"f:27:2:27:9":1,"s:28:4:28:Infinity":3,"s:29:4:29:Infinity":4,"f:32:15:32:36":2,"s:34:45:41:Infinity":5,"s:44:33:45:Infinity":6,"s:49:26:50:Infinity":7,"f:49:26:49:53":3,"s:50:6:50:Infinity":8,"s:54:4:65:Infinity":9,"s:55:6:55:Infinity":10,"b:57:6:58:Infinity:undefined:undefined:undefined:undefined":2,"s:57:6:58:Infinity":11,"s:58:8:58:Infinity":12,"s:61:6:61:Infinity":13,"s:63:6:63:Infinity":14,"s:65:6:65:Infinity":15,"f:70:2:70:9":4,"s:74:4:74:Infinity":16,"f:77:2:77:9":5,"s:82:4:82:Infinity":17,"f:85:2:85:9":6,"s:90:4:90:Infinity":18,"f:93:2:93:9":7,"s:97:4:97:Infinity":19}}}
,"/home/torkob/Untlited/src/errors/HttpError.ts": {"path":"/home/torkob/Untlited/src/errors/HttpError.ts","statementMap":{"0":{"start":{"line":15,"column":4},"end":{"line":15,"column":null}},"1":{"start":{"line":16,"column":4},"end":{"line":16,"column":null}},"2":{"start":{"line":17,"column":4},"end":{"line":17,"column":null}},"3":{"start":{"line":18,"column":4},"end":{"line":18,"column":null}}},"fnMap":{"0":{"name":"(anonymous_0)","decl":{"start":{"line":9,"column":2},"end":{"line":9,"column":null}},"loc":{"start":{"line":14,"column":4},"end":{"line":18,"column":null}},"line":14}},"branchMap":{},"s":{"0":2,"1":2,"2":2,"3":2},"f":{"0":2},"b":{},"meta":{"lastBranch":0,"lastFunction":1,"lastStatement":4,"seen":{"f:9:2:9:Infinity":0,"s:15:4:15:Infinity":0,"s:16:4:16:Infinity":1,"s:17:4:17:Infinity":2,"s:18:4:18:Infinity":3}}}
,"/home/torkob/Untlited/src/errors/NetworkError.ts": {"path":"/home/torkob/Untlited/src/errors/NetworkError.ts","statementMap":{"0":{"start":{"line":9,"column":4},"end":{"line":9,"column":null}},"1":{"start":{"line":10,"column":4},"end":{"line":10,"column":null}},"2":{"start":{"line":12,"column":4},"end":{"line":13,"column":null}},"3":{"start":{"line":13,"column":6},"end":{"line":13,"column":null}}},"fnMap":{"0":{"name":"(anonymous_0)","decl":{"start":{"line":8,"column":2},"end":{"line":8,"column":14}},"loc":{"start":{"line":8,"column":82},"end":{"line":13,"column":null}},"line":8}},"branchMap":{"0":{"loc":{"start":{"line":12,"column":4},"end":{"line":13,"column":null}},"type":"if","locations":[{"start":{"line":12,"column":4},"end":{"line":13,"column":null}},{"start":{},"end":{}}],"line":12}},"s":{"0":3,"1":3,"2":3,"3":3},"f":{"0":3},"b":{"0":[3,0]},"meta":{"lastBranch":1,"lastFunction":1,"lastStatement":4,"seen":{"f:8:2:8:14":0,"s:9:4:9:Infinity":0,"s:10:4:10:Infinity":1,"b:12:4:13:Infinity:undefined:undefined:undefined:undefined":0,"s:12:4:13:Infinity":2,"s:13:6:13:Infinity":3}}}
,"/home/torkob/Untlited/src/errors/XelusError.ts": {"path":"/home/torkob/Untlited/src/errors/XelusError.ts","statementMap":{"0":{"start":{"line":6,"column":4},"end":{"line":6,"column":null}},"1":{"start":{"line":7,"column":4},"end":{"line":7,"column":null}},"2":{"start":{"line":8,"column":4},"end":{"line":8,"column":null}},"3":{"start":{"line":9,"column":4},"end":{"line":9,"column":null}}},"fnMap":{"0":{"name":"(anonymous_0)","decl":{"start":{"line":5,"column":2},"end":{"line":5,"column":14}},"loc":{"start":{"line":5,"column":31},"end":{"line":9,"column":null}},"line":5}},"branchMap":{},"s":{"0":6,"1":6,"2":6,"3":6},"f":{"0":6},"b":{},"meta":{"lastBranch":0,"lastFunction":1,"lastStatement":4,"seen":{"f:5:2:5:14":0,"s:6:4:6:Infinity":0,"s:7:4:7:Infinity":1,"s:8:4:8:Infinity":2,"s:9:4:9:Infinity":3}}}
}
